TN:
SF:D:\Badger\js-rss\anastasia-zabela-2019Q1\piskel-clone\src\components\rgb-to-hex.js
FN:1,rgbToHex
FN:9,fullColorHex
FNF:2
FNH:2
FNDA:3,rgbToHex
FNDA:1,fullColorHex
DA:2,3
DA:3,3
DA:4,0
DA:6,3
DA:10,1
DA:11,1
DA:12,1
DA:13,1
LF:8
LH:7
BRDA:3,0,0,0
BRDA:3,0,1,3
BRF:2
BRH:1
end_of_record
TN:
SF:D:\Badger\js-rss\anastasia-zabela-2019Q1\piskel-clone\src\components\storage.js
FN:2,(anonymous_0)
FNF:1
FNH:1
FNDA:1,(anonymous_0)
DA:3,1
DA:4,1
DA:8,1
DA:15,1
DA:20,1
DA:23,1
DA:27,1
LF:7
LH:7
BRF:0
BRH:0
end_of_record
TN:
SF:D:\Badger\js-rss\anastasia-zabela-2019Q1\piskel-clone\src\screens\tools\tools.js
FN:4,(anonymous_0)
FN:19,(anonymous_1)
FN:85,(anonymous_2)
FN:98,(anonymous_3)
FN:111,(anonymous_4)
FNF:5
FNH:4
FNDA:3,(anonymous_0)
FNDA:1,(anonymous_1)
FNDA:1,(anonymous_2)
FNDA:1,(anonymous_3)
FNDA:0,(anonymous_4)
DA:5,3
DA:6,3
DA:7,3
DA:8,3
DA:9,3
DA:10,3
DA:11,3
DA:12,3
DA:13,3
DA:14,3
DA:15,3
DA:16,3
DA:20,1
DA:21,1
DA:22,1
DA:23,1
DA:24,1
DA:25,1
DA:27,1
DA:28,1
DA:29,1
DA:30,1
DA:32,0
DA:33,0
DA:34,0
DA:35,0
DA:37,0
DA:38,0
DA:39,0
DA:40,0
DA:42,0
DA:43,0
DA:44,0
DA:45,0
DA:47,0
DA:48,0
DA:49,0
DA:50,0
DA:52,0
DA:53,0
DA:54,0
DA:55,0
DA:57,0
DA:58,0
DA:59,0
DA:60,0
DA:62,0
DA:63,0
DA:64,0
DA:65,0
DA:67,0
DA:68,0
DA:69,0
DA:70,0
DA:72,0
DA:73,0
DA:74,0
DA:75,0
DA:77,0
DA:80,1
DA:82,1
DA:86,1
DA:88,1
DA:89,4
DA:90,1
DA:91,1
DA:93,4
DA:95,1
DA:99,1
DA:101,1
DA:102,4
DA:103,1
DA:104,1
DA:106,4
DA:108,1
DA:112,0
DA:113,0
DA:114,0
LF:78
LH:38
BRDA:22,0,0,1
BRDA:22,0,1,0
BRDA:23,1,0,0
BRDA:23,1,1,1
BRDA:25,2,0,1
BRDA:25,2,1,0
BRDA:25,2,2,0
BRDA:25,2,3,0
BRDA:25,2,4,0
BRDA:25,2,5,0
BRDA:25,2,6,0
BRDA:25,2,7,0
BRDA:25,2,8,0
BRDA:25,2,9,0
BRDA:25,2,10,0
BRDA:89,3,0,1
BRDA:89,3,1,3
BRDA:102,4,0,1
BRDA:102,4,1,3
BRF:19
BRH:7
end_of_record
